Performing C SOURCE FILE Test CMAKE_HAVE_LIBC_PTHREAD failed with the following output:
Change Dir: /home/csmajs/rlumb001/lab-08---visitor-pattern-klam073-ioh012-lab8/CMakeFiles/CMakeTmp

Run Build Command(s):/opt/rh/devtoolset-6/root/usr/bin/gmake cmTC_c48a2/fast && /opt/rh/devtoolset-6/root/usr/bin/gmake  -f CMakeFiles/cmTC_c48a2.dir/build.make CMakeFiles/cmTC_c48a2.dir/build
gmake[1]: Entering directory '/home/csmajs/rlumb001/lab-08---visitor-pattern-klam073-ioh012-lab8/CMakeFiles/CMakeTmp'
Building C object CMakeFiles/cmTC_c48a2.dir/src.c.o
/opt/rh/devtoolset-6/root/usr/bin/cc   -DCMAKE_HAVE_LIBC_PTHREAD   -o CMakeFiles/cmTC_c48a2.dir/src.c.o   -c /home/csmajs/rlumb001/lab-08---visitor-pattern-klam073-ioh012-lab8/CMakeFiles/CMakeTmp/src.c
Linking C executable cmTC_c48a2
/usr/bin/cmake3 -E cmake_link_script CMakeFiles/cmTC_c48a2.dir/link.txt --verbose=1
/opt/rh/devtoolset-6/root/usr/bin/cc  -DCMAKE_HAVE_LIBC_PTHREAD    -rdynamic CMakeFiles/cmTC_c48a2.dir/src.c.o  -o cmTC_c48a2 
CMakeFiles/cmTC_c48a2.dir/src.c.o: In function `main':
src.c:(.text+0x2d): undefined reference to `pthread_create'
src.c:(.text+0x39): undefined reference to `pthread_detach'
src.c:(.text+0x45): undefined reference to `pthread_cancel'
src.c:(.text+0x56): undefined reference to `pthread_join'
src.c:(.text+0x6a): undefined reference to `pthread_atfork'
collect2: error: ld returned 1 exit status
CMakeFiles/cmTC_c48a2.dir/build.make:106: recipe for target 'cmTC_c48a2' failed
gmake[1]: *** [cmTC_c48a2] Error 1
gmake[1]: Leaving directory '/home/csmajs/rlumb001/lab-08---visitor-pattern-klam073-ioh012-lab8/CMakeFiles/CMakeTmp'
Makefile:141: recipe for target 'cmTC_c48a2/fast' failed
gmake: *** [cmTC_c48a2/fast] Error 2


Source file was:
#include <pthread.h>

void* test_func(void* data)
{
  return data;
}

int main(void)
{
  pthread_t thread;
  pthread_create(&thread, NULL, test_func, NULL);
  pthread_detach(thread);
  pthread_cancel(thread);
  pthread_join(thread, NULL);
  pthread_atfork(NULL, NULL, NULL);
  pthread_exit(NULL);

  return 0;
}

Determining if the function pthread_create exists in the pthreads failed with the following output:
Change Dir: /home/csmajs/rlumb001/lab-08---visitor-pattern-klam073-ioh012-lab8/CMakeFiles/CMakeTmp

Run Build Command(s):/opt/rh/devtoolset-6/root/usr/bin/gmake cmTC_07d4b/fast && /opt/rh/devtoolset-6/root/usr/bin/gmake  -f CMakeFiles/cmTC_07d4b.dir/build.make CMakeFiles/cmTC_07d4b.dir/build
gmake[1]: Entering directory '/home/csmajs/rlumb001/lab-08---visitor-pattern-klam073-ioh012-lab8/CMakeFiles/CMakeTmp'
Building C object CMakeFiles/cmTC_07d4b.dir/CheckFunctionExists.c.o
/opt/rh/devtoolset-6/root/usr/bin/cc   -DCHECK_FUNCTION_EXISTS=pthread_create   -o CMakeFiles/cmTC_07d4b.dir/CheckFunctionExists.c.o   -c /usr/share/cmake3/Modules/CheckFunctionExists.c
Linking C executable cmTC_07d4b
/usr/bin/cmake3 -E cmake_link_script CMakeFiles/cmTC_07d4b.dir/link.txt --verbose=1
/opt/rh/devtoolset-6/root/usr/bin/cc  -DCHECK_FUNCTION_EXISTS=pthread_create    -rdynamic CMakeFiles/cmTC_07d4b.dir/CheckFunctionExists.c.o  -o cmTC_07d4b  -lpthreads 
/opt/rh/devtoolset-6/root/usr/libexec/gcc/x86_64-redhat-linux/6.3.1/ld: cannot find -lpthreads
collect2: error: ld returned 1 exit status
CMakeFiles/cmTC_07d4b.dir/build.make:106: recipe for target 'cmTC_07d4b' failed
gmake[1]: *** [cmTC_07d4b] Error 1
gmake[1]: Leaving directory '/home/csmajs/rlumb001/lab-08---visitor-pattern-klam073-ioh012-lab8/CMakeFiles/CMakeTmp'
Makefile:141: recipe for target 'cmTC_07d4b/fast' failed
gmake: *** [cmTC_07d4b/fast] Error 2



